[debug] [2025-02-28T23:39:29.345Z] ----------------------------------------------------------------------
[debug] [2025-02-28T23:39:29.347Z] Command:       C:\nvm4w\nodejs\node.exe C:\Users\alimu\AppData\Roaming\npm\node_modules\firebase-tools\lib\bin\firebase.js deploy --only firestore:rules
[debug] [2025-02-28T23:39:29.348Z] CLI Version:   13.31.1
[debug] [2025-02-28T23:39:29.348Z] Platform:      win32
[debug] [2025-02-28T23:39:29.348Z] Node Version:  v22.11.0
[debug] [2025-02-28T23:39:29.348Z] Time:          Sat Mar 01 2025 04:39:29 GMT+0500 (Pakistan Standard Time)
[debug] [2025-02-28T23:39:29.349Z] ----------------------------------------------------------------------
[debug] 
[debug] [2025-02-28T23:39:29.588Z] > command requires scopes: ["email","openid","https://www.googleapis.com/auth/cloudplatformprojects.readonly","https://www.googleapis.com/auth/firebase","https://www.googleapis.com/auth/cloud-platform"]
[debug] [2025-02-28T23:39:29.589Z] > authorizing via signed-in user (softbuses512@gmail.com)
[debug] [2025-02-28T23:39:29.589Z] [iam] checking project empowered-89ae1 for permissions ["datastore.indexes.create","datastore.indexes.delete","datastore.indexes.list","datastore.indexes.update","firebase.projects.get"]
[debug] [2025-02-28T23:39:29.590Z] Checked if tokens are valid: true, expires at: 1740788020796
[debug] [2025-02-28T23:39:29.590Z] Checked if tokens are valid: true, expires at: 1740788020796
[debug] [2025-02-28T23:39:29.591Z] >>> [apiv2][query] POST https://cloudresourcemanager.googleapis.com/v1/projects/empowered-89ae1:testIamPermissions [none]
[debug] [2025-02-28T23:39:29.592Z] >>> [apiv2][(partial)header] POST https://cloudresourcemanager.googleapis.com/v1/projects/empowered-89ae1:testIamPermissions x-goog-quota-user=projects/empowered-89ae1
[debug] [2025-02-28T23:39:29.592Z] >>> [apiv2][body] POST https://cloudresourcemanager.googleapis.com/v1/projects/empowered-89ae1:testIamPermissions {"permissions":["datastore.indexes.create","datastore.indexes.delete","datastore.indexes.list","datastore.indexes.update","firebase.projects.get"]}
[debug] [2025-02-28T23:39:31.283Z] <<< [apiv2][status] POST https://cloudresourcemanager.googleapis.com/v1/projects/empowered-89ae1:testIamPermissions 200
[debug] [2025-02-28T23:39:31.283Z] <<< [apiv2][body] POST https://cloudresourcemanager.googleapis.com/v1/projects/empowered-89ae1:testIamPermissions {"permissions":["datastore.indexes.create","datastore.indexes.delete","datastore.indexes.list","datastore.indexes.update","firebase.projects.get"]}
[info] 
[info] === Deploying to 'empowered-89ae1'...
[info] 
[info] i  deploying firestore 
[info] i  firestore: reading indexes from firestore.indexes.json... 
[info] i  cloud.firestore: checking firestore.rules for compilation errors... 
[debug] [2025-02-28T23:39:31.288Z] Checked if tokens are valid: true, expires at: 1740788020796
[debug] [2025-02-28T23:39:31.288Z] Checked if tokens are valid: true, expires at: 1740788020796
[debug] [2025-02-28T23:39:31.288Z] >>> [apiv2][query] POST https://firebaserules.googleapis.com/v1/projects/empowered-89ae1:test [none]
[debug] [2025-02-28T23:39:31.288Z] >>> [apiv2][body] POST https://firebaserules.googleapis.com/v1/projects/empowered-89ae1:test [omitted]
